<?xml version="1.0" encoding="UTF-8"?>
<testsuite name="com.shifts.calculator.CalculatorServicesTest" time="0.007" tests="1" errors="1" skipped="0" failures="0">
  <properties>
[...]
</properties>
  <testcase name="splitStringV1Test" classname="com.shifts.calculator.CalculatorServicesTest" time="0.007">
    <error message="Unresolved compilation problem: &#10;	SpringBootTest cannot be resolved to a type&#10;" type="java.lang.Error"><![CDATA[java.lang.Error: Unresolved compilation problem: 
	SpringBootTest cannot be resolved to a type

	at com.shifts.calculator.CalculatorServicesTest.<init>(CalculatorServicesTest.java:13)
]]></error>
  </testcase>
</testsuite>